<?xml version="1.0" encoding="UTF-8"?>
<testsuite xmlns:xsi="http://www.w3.org/2001/XMLSchema-instance" xsi:noNamespaceSchemaLocation="https://maven.apache.org/surefire/maven-surefire-plugin/xsd/surefire-test-report-3.0.xsd" version="3.0" name="CalculadoraTest" time="0.221" tests="10" errors="0" skipped="0" failures="0">
  <properties>
    <property name="java.specification.version" value="17"/>
    <property name="sun.cpu.isalist" value="amd64"/>
    <property name="sun.jnu.encoding" value="UTF-8"/>
    <property name="java.class.path" value="C:\Users\frank\Downloads\calculadoraTest-main\calculadoraTest-main\target\test-classes;C:\Users\frank\Downloads\calculadoraTest-main\calculadoraTest-main\target\classes;C:\Users\frank\.m2\repository\org\junit\jupiter\junit-jupiter\5.10.0\junit-jupiter-5.10.0.jar;C:\Users\frank\.m2\repository\org\junit\jupiter\junit-jupiter-api\5.10.0\junit-jupiter-api-5.10.0.jar;C:\Users\frank\.m2\repository\org\opentest4j\opentest4j\1.3.0\opentest4j-1.3.0.jar;C:\Users\frank\.m2\repository\org\junit\platform\junit-platform-commons\1.10.0\junit-platform-commons-1.10.0.jar;C:\Users\frank\.m2\repository\org\apiguardian\apiguardian-api\1.1.2\apiguardian-api-1.1.2.jar;C:\Users\frank\.m2\repository\org\junit\jupiter\junit-jupiter-params\5.10.0\junit-jupiter-params-5.10.0.jar;C:\Users\frank\.m2\repository\org\junit\jupiter\junit-jupiter-engine\5.10.0\junit-jupiter-engine-5.10.0.jar;C:\Users\frank\.m2\repository\org\junit\platform\junit-platform-engine\1.10.0\junit-platform-engine-1.10.0.jar;"/>
    <property name="java.vm.vendor" value="Oracle Corporation"/>
    <property name="sun.arch.data.model" value="64"/>
    <property name="user.variant" value=""/>
    <property name="java.vendor.url" value="https://java.oracle.com/"/>
    <property name="user.timezone" value="America/Lima"/>
    <property name="os.name" value="Windows 11"/>
    <property name="java.vm.specification.version" value="17"/>
    <property name="sun.java.launcher" value="SUN_STANDARD"/>
    <property name="user.country" value="PE"/>
    <property name="sun.boot.library.path" value="C:\Program Files\Java\jdk-17\bin"/>
    <property name="sun.java.command" value="C:\Users\frank\AppData\Local\Temp\surefire132277815951875545\surefirebooter-20250814114032122_3.jar C:\Users\frank\AppData\Local\Temp\surefire132277815951875545 2025-08-14T11-40-27_731-jvmRun1 surefire-20250814114032122_1tmp surefire_0-20250814114032122_2tmp"/>
    <property name="jdk.debug" value="release"/>
    <property name="surefire.test.class.path" value="C:\Users\frank\Downloads\calculadoraTest-main\calculadoraTest-main\target\test-classes;C:\Users\frank\Downloads\calculadoraTest-main\calculadoraTest-main\target\classes;C:\Users\frank\.m2\repository\org\junit\jupiter\junit-jupiter\5.10.0\junit-jupiter-5.10.0.jar;C:\Users\frank\.m2\repository\org\junit\jupiter\junit-jupiter-api\5.10.0\junit-jupiter-api-5.10.0.jar;C:\Users\frank\.m2\repository\org\opentest4j\opentest4j\1.3.0\opentest4j-1.3.0.jar;C:\Users\frank\.m2\repository\org\junit\platform\junit-platform-commons\1.10.0\junit-platform-commons-1.10.0.jar;C:\Users\frank\.m2\repository\org\apiguardian\apiguardian-api\1.1.2\apiguardian-api-1.1.2.jar;C:\Users\frank\.m2\repository\org\junit\jupiter\junit-jupiter-params\5.10.0\junit-jupiter-params-5.10.0.jar;C:\Users\frank\.m2\repository\org\junit\jupiter\junit-jupiter-engine\5.10.0\junit-jupiter-engine-5.10.0.jar;C:\Users\frank\.m2\repository\org\junit\platform\junit-platform-engine\1.10.0\junit-platform-engine-1.10.0.jar;"/>
    <property name="sun.cpu.endian" value="little"/>
    <property name="user.home" value="C:\Users\frank"/>
    <property name="user.language" value="es"/>
    <property name="java.specification.vendor" value="Oracle Corporation"/>
    <property name="java.version.date" value="2024-01-16"/>
    <property name="java.home" value="C:\Program Files\Java\jdk-17"/>
    <property name="file.separator" value="\"/>
    <property name="basedir" value="C:\Users\frank\Downloads\calculadoraTest-main\calculadoraTest-main"/>
    <property name="java.vm.compressedOopsMode" value="Zero based"/>
    <property name="line.separator" value="&#10;"/>
    <property name="java.vm.specification.vendor" value="Oracle Corporation"/>
    <property name="java.specification.name" value="Java Platform API Specification"/>
    <property name="surefire.real.class.path" value="C:\Users\frank\AppData\Local\Temp\surefire132277815951875545\surefirebooter-20250814114032122_3.jar"/>
    <property name="user.script" value=""/>
    <property name="sun.management.compiler" value="HotSpot 64-Bit Tiered Compilers"/>
    <property name="java.runtime.version" value="17.0.10+11-LTS-240"/>
    <property name="user.name" value="frank"/>
    <property name="path.separator" value=";"/>
    <property name="os.version" value="10.0"/>
    <property name="java.runtime.name" value="Java(TM) SE Runtime Environment"/>
    <property name="file.encoding" value="UTF-8"/>
    <property name="java.vm.name" value="Java HotSpot(TM) 64-Bit Server VM"/>
    <property name="localRepository" value="C:\Users\frank\.m2\repository"/>
    <property name="java.vendor.url.bug" value="https://bugreport.java.com/bugreport/"/>
    <property name="java.io.tmpdir" value="C:\Users\frank\AppData\Local\Temp\"/>
    <property name="java.version" value="17.0.10"/>
    <property name="user.dir" value="C:\Users\frank\Downloads\calculadoraTest-main\calculadoraTest-main"/>
    <property name="os.arch" value="amd64"/>
    <property name="java.vm.specification.name" value="Java Virtual Machine Specification"/>
    <property name="sun.os.patch.level" value=""/>
    <property name="native.encoding" value="UTF-8"/>
    <property name="java.library.path" value="C:\Program Files\Java\jdk-17\bin;C:\WINDOWS\Sun\Java\bin;C:\WINDOWS\system32;C:\WINDOWS;C:\app\frank\product\21c\dbhomeXE\bin;C:\Program Files\Common Files\Oracle\Java\javapath;C:\Program Files (x86)\Common Files\Oracle\Java\java8path;C:\Program Files (x86)\Common Files\Oracle\Java\javapath;C:\Program Files\Eclipse Adoptium\jdk-11.0.21.9-hotspot\bin;C:\windows\system32;C:\windows;C:\windows\System32\Wbem;C:\windows\System32\WindowsPowerShell\v1.0\;C:\windows\System32\OpenSSH\;C:\Program Files\PuTTY\;C:\Program Files\Microsoft SQL Server\Client SDK\ODBC\170\Tools\Binn\;C:\Program Files (x86)\Microsoft SQL Server\150\Tools\Binn\;C:\Program Files\Microsoft SQL Server\150\Tools\Binn\;C:\Program Files\Microsoft SQL Server\150\DTS\Binn\;C:\Program Files (x86)\Microsoft SQL Server\150\DTS\Binn\;C:\Program Files\Azure Data Studio\bin;C:\Program Files (x86)\Microsoft SQL Server\160\DTS\Binn\;C:\Program Files\HP\HP One Agent;C:\Program Files\Git\cmd;C:\Program Files\nodejs\;C:\WINDOWS\system32;C:\WINDOWS;C:\WINDOWS\System32\Wbem;C:\WINDOWS\System32\WindowsPowerShell\v1.0\;C:\WINDOWS\System32\OpenSSH\;C:\ProgramData\chocolatey\bin;C:\ProgramData\chocolatey\lib\maven\apache-maven-3.9.9\bin;C:\Program Files\Docker\Docker\resources\bin;C:\Program Files\MySQL\MySQL Shell 8.0\bin\;C:\Users\frank\AppData\Local\Programs\Python\Python311\Scripts\;C:\Users\frank\AppData\Local\Programs\Python\Python311\;C:\Users\frank\AppData\Local\Microsoft\WindowsApps;C:\Users\frank\AppData\Local\Programs\Microsoft VS Code\bin;C:\Users\frank\AppData\Local\GitHubDesktop\bin;C:\Program Files\Azure Data Studio\bin;C:\Users\frank\AppData\Roaming\npm;C:\Users\frank\AppData\Local\Programs\cursor\resources\app\bin;C:\Users\frank\AppData\Local\JetBrains\Toolbox\scripts;;c:\Users\frank\AppData\Roaming\Code\User\globalStorage\github.copilot-chat\debugCommand;."/>
    <property name="java.vm.info" value="mixed mode, sharing"/>
    <property name="java.vendor" value="Oracle Corporation"/>
    <property name="java.vm.version" value="17.0.10+11-LTS-240"/>
    <property name="sun.io.unicode.encoding" value="UnicodeLittle"/>
    <property name="java.class.version" value="61.0"/>
  </properties>
  <testcase name="testPorcentajeNormal" classname="CalculadoraTest" time="0.086">
    <system-out><![CDATA[Iniciando prueba...
Probando porcentaje normal: 25 de 200
Método porcentaje() llamado con parte = 25, total = 200
Resultado de porcentaje: 12
Esperado: 12, Obtenido: 12
Prueba finalizada!
]]></system-out>
  </testcase>
  <testcase name="testMultiplicarPorCero" classname="CalculadoraTest" time="0.002">
    <system-out><![CDATA[Iniciando prueba...
Probando multiplicar por cero: 7 * 0
Método multiplicar() llamado con a = 7, b = 0
Resultado de multiplicar: 0
Esperado: 0, Obtenido: 0
Prueba finalizada!
]]></system-out>
  </testcase>
  <testcase name="testSumar" classname="CalculadoraTest" time="0.003">
    <system-out><![CDATA[Iniciando prueba...
Ejecutando testSumar...
Método sumar() llamado con a = 3, b = 4
Resultado de sumar: 7
Resultado: 7
Prueba finalizada!
]]></system-out>
  </testcase>
  <testcase name="testRestarPositivos" classname="CalculadoraTest" time="0.003">
    <system-out><![CDATA[Iniciando prueba...
Probando restar con positivos: 10 - 4
Método restar() llamado con a = 10, b = 4
Resultado de restar: 6
Esperado: 6, Obtenido: 6
Prueba finalizada!
]]></system-out>
  </testcase>
  <testcase name="testPorcentajeTotalCero" classname="CalculadoraTest" time="0.009">
    <system-out><![CDATA[Iniciando prueba...
Probando porcentaje con total = 0 (debe lanzar excepción)
Método porcentaje() llamado con parte = 10, total = 0
⚠️ Error: total es cero en porcentaje.
Prueba finalizada!
]]></system-out>
  </testcase>
  <testcase name="testMultiplicarNegativos" classname="CalculadoraTest" time="0.007">
    <system-out><![CDATA[Iniciando prueba...
Probando multiplicar negativos: -3 * 4
Método multiplicar() llamado con a = -3, b = 4
Resultado de multiplicar: -12
Esperado: -12, Obtenido: -12
Prueba finalizada!
]]></system-out>
  </testcase>
  <testcase name="testRestarNegativos" classname="CalculadoraTest" time="0.007">
    <system-out><![CDATA[Iniciando prueba...
Probando restar con negativos: -5 - (-3)
Método restar() llamado con a = -5, b = -3
Resultado de restar: -2
Esperado: -2, Obtenido: -2
Prueba finalizada!
]]></system-out>
  </testcase>
  <testcase name="testDividir" classname="CalculadoraTest" time="0.005">
    <system-out><![CDATA[Iniciando prueba...
Ejecutando testDividir...
Método dividir() llamado con a = 12, b = 4
Resultado de dividir: 3
Resultado: 3
Prueba finalizada!
]]></system-out>
  </testcase>
  <testcase name="testRaizCuadradaNegativo" classname="CalculadoraTest" time="0.011">
    <system-out><![CDATA[Iniciando prueba...
Probando raizCuadrada con -9 (debe lanzar excepción)
Método raizCuadrada() llamado con x = -9.0
⚠️ Error: raíz cuadrada de número negativo.
Prueba finalizada!
]]></system-out>
  </testcase>
  <testcase name="testRaizCuadradaNormal" classname="CalculadoraTest" time="0.011">
    <system-out><![CDATA[Iniciando prueba...
Probando raizCuadrada con 16
Método raizCuadrada() llamado con x = 16.0
Resultado de raizCuadrada: 4.0
Esperado: 4.0, Obtenido: 4.0
Prueba finalizada!
]]></system-out>
  </testcase>
</testsuite>